<?xml version="1.0" encoding="UTF-8"?>
<!-- Generated by org.testng.reporters.JUnitReportReporter -->
<testsuite skipped="0" hostname="Dianas-MacBook-Pro-2.local" name="testcases.SearchForCruises" tests="2" failures="0" timestamp="16 Nov 2020 00:23:12 GMT" time="35.813" errors="0">
  <testcase name="SearchBahamasCruise" time="17.953" classname="testcases.SearchForCruises"/>
  <testcase name="ChooseASail" time="17.860" classname="testcases.SearchForCruises"/>
</testsuite> <!-- testcases.SearchForCruises -->
