<?xml version="1.0" encoding="UTF-8"?>
<!-- Generated by org.testng.reporters.JUnitReportReporter -->
<testsuite skipped="0" hostname="Dianas-MacBook-Pro-2.local" name="testcases.AmazonCreateAccount" tests="1" failures="0" timestamp="15 Nov 2020 18:12:01 GMT" time="1.285" errors="0">
  <testcase name="CreateAccountTest" time="1.285" classname="testcases.AmazonCreateAccount"/>
</testsuite> <!-- testcases.AmazonCreateAccount -->
